<?xml version="1.0" ?>
<!DOCTYPE coverage
  SYSTEM 'http://cobertura.sourceforge.net/xml/coverage-03.dtd'>
<coverage branch-rate="0.3635025754231052" line-rate="0.6268041237113402" timestamp="1507592128" version="gcovr 3.3">
<sources>
<source>/vagrant</source>
</sources>
<packages>
<package branch-rate="0.3635025754231052" complexity="0.0" line-rate="0.6268041237113402" name="">
<classes>
<class branch-rate="0.0" complexity="0.0" filename="event.cpp" line-rate="0.9583333333333334" name="event_cpp">
<methods/>
<lines>
<line branch="false" hits="25" number="4"/>
<line branch="false" hits="25" number="6"/>
<line branch="false" hits="25" number="7"/>
<line branch="false" hits="45" number="9"/>
<line branch="false" hits="45" number="11"/>
<line branch="false" hits="5" number="13"/>
<line branch="false" hits="5" number="15"/>
<line branch="false" hits="11090" number="18"/>
<line branch="false" hits="11090" number="20"/>
<line branch="false" hits="11090" number="21"/>
<line branch="false" hits="11090" number="22"/>
<line branch="false" hits="11090" number="23"/>
<line branch="false" hits="22185" number="25"/>
<line branch="false" hits="22185" number="27"/>
<line branch="false" hits="5" number="29"/>
<line branch="false" hits="5" number="31"/>
<line branch="false" hits="15" number="34"/>
<line branch="false" hits="15" number="36"/>
<line branch="false" hits="5" number="39"/>
<line branch="false" hits="5" number="41"/>
<line branch="false" hits="20" number="44"/>
<line branch="false" hits="20" number="46"/>
<line branch="false" hits="20" number="47"/>
<line branch="false" hits="20" number="48"/>
<line branch="false" hits="20" number="49"/>
<line branch="false" hits="45" number="51"/>
<line branch="false" hits="45" number="53"/>
<line branch="false" hits="45" number="55"/>
<line branch="false" hits="45" number="56"/>
<line branch="false" hits="11085" number="58"/>
<line branch="false" hits="11085" number="60"/>
<line branch="false" hits="11085" number="61"/>
<line branch="false" hits="11085" number="62"/>
<line branch="false" hits="11085" number="63"/>
<line branch="false" hits="33420" number="65"/>
<line branch="false" hits="33420" number="67"/>
<line branch="false" hits="20" number="69"/>
<line branch="false" hits="20" number="71"/>
<line branch="false" hits="20" number="74"/>
<line branch="false" hits="20" number="76"/>
<line branch="false" hits="15" number="79"/>
<line branch="false" hits="15" number="81"/>
<line branch="false" hits="25" number="84"/>
<line branch="false" hits="25" number="86"/>
<line branch="false" hits="0" number="89"/>
<line branch="false" hits="0" number="91"/>
<line branch="false" hits="10" number="94"/>
<line branch="false" hits="10" number="96"/>
</lines>
</class>
<class branch-rate="0.0" complexity="0.0" filename="event.hpp" line-rate="1.0" name="event_hpp">
<methods/>
<lines>
<line branch="false" hits="11150" number="116"/>
<line branch="false" hits="33420" number="117"/>
</lines>
</class>
<class branch-rate="0.3626609442060086" complexity="0.0" filename="event_test.cpp" line-rate="1.0" name="event_test_cpp">
<methods/>
<lines>
<line branch="true" condition-coverage="50% (2/4)" hits="10" number="8">
<conditions>
<condition coverage="50%" number="0" type="jump"/>
</conditions>
</line>
<line branch="true" condition-coverage="50% (1/2)" hits="10" number="9">
<conditions>
<condition coverage="50%" number="0" type="jump"/>
</conditions>
</line>
<line branch="true" condition-coverage="35% (10/28)" hits="5" number="10">
<conditions>
<condition coverage="35%" number="0" type="jump"/>
</conditions>
</line>
<line branch="false" hits="5" number="11"/>
<line branch="true" condition-coverage="50% (2/4)" hits="10" number="13">
<conditions>
<condition coverage="50%" number="0" type="jump"/>
</conditions>
</line>
<line branch="true" condition-coverage="50% (1/2)" hits="10" number="14">
<conditions>
<condition coverage="50%" number="0" type="jump"/>
</conditions>
</line>
<line branch="true" condition-coverage="34% (9/26)" hits="5" number="15">
<conditions>
<condition coverage="34%" number="0" type="jump"/>
</conditions>
</line>
<line branch="true" condition-coverage="35% (10/28)" hits="5" number="16">
<conditions>
<condition coverage="35%" number="0" type="jump"/>
</conditions>
</line>
<line branch="true" condition-coverage="35% (10/28)" hits="5" number="17">
<conditions>
<condition coverage="35%" number="0" type="jump"/>
</conditions>
</line>
<line branch="false" hits="5" number="18"/>
<line branch="true" condition-coverage="50% (2/4)" hits="10" number="20">
<conditions>
<condition coverage="50%" number="0" type="jump"/>
</conditions>
</line>
<line branch="true" condition-coverage="50% (1/2)" hits="10" number="21">
<conditions>
<condition coverage="50%" number="0" type="jump"/>
</conditions>
</line>
<line branch="true" condition-coverage="50% (1/2)" hits="10" number="22">
<conditions>
<condition coverage="50%" number="0" type="jump"/>
</conditions>
</line>
<line branch="true" condition-coverage="34% (9/26)" hits="5" number="23">
<conditions>
<condition coverage="34%" number="0" type="jump"/>
</conditions>
</line>
<line branch="true" condition-coverage="34% (9/26)" hits="5" number="24">
<conditions>
<condition coverage="34%" number="0" type="jump"/>
</conditions>
</line>
<line branch="true" condition-coverage="34% (9/26)" hits="5" number="25">
<conditions>
<condition coverage="34%" number="0" type="jump"/>
</conditions>
</line>
<line branch="true" condition-coverage="35% (10/28)" hits="5" number="26">
<conditions>
<condition coverage="35%" number="0" type="jump"/>
</conditions>
</line>
<line branch="false" hits="5" number="28"/>
<line branch="true" condition-coverage="50% (2/4)" hits="10" number="29">
<conditions>
<condition coverage="50%" number="0" type="jump"/>
</conditions>
</line>
<line branch="true" condition-coverage="50% (1/2)" hits="10" number="30">
<conditions>
<condition coverage="50%" number="0" type="jump"/>
</conditions>
</line>
<line branch="true" condition-coverage="50% (1/2)" hits="10" number="31">
<conditions>
<condition coverage="50%" number="0" type="jump"/>
</conditions>
</line>
<line branch="true" condition-coverage="34% (9/26)" hits="5" number="32">
<conditions>
<condition coverage="34%" number="0" type="jump"/>
</conditions>
</line>
<line branch="true" condition-coverage="34% (9/26)" hits="5" number="33">
<conditions>
<condition coverage="34%" number="0" type="jump"/>
</conditions>
</line>
<line branch="true" condition-coverage="34% (9/26)" hits="5" number="34">
<conditions>
<condition coverage="34%" number="0" type="jump"/>
</conditions>
</line>
<line branch="true" condition-coverage="35% (10/28)" hits="5" number="35">
<conditions>
<condition coverage="35%" number="0" type="jump"/>
</conditions>
</line>
<line branch="false" hits="5" number="36"/>
<line branch="true" condition-coverage="50% (2/4)" hits="10" number="37">
<conditions>
<condition coverage="50%" number="0" type="jump"/>
</conditions>
</line>
<line branch="true" condition-coverage="50% (1/2)" hits="10" number="39">
<conditions>
<condition coverage="50%" number="0" type="jump"/>
</conditions>
</line>
<line branch="true" condition-coverage="34% (9/26)" hits="5" number="40">
<conditions>
<condition coverage="34%" number="0" type="jump"/>
</conditions>
</line>
<line branch="true" condition-coverage="34% (9/26)" hits="5" number="41">
<conditions>
<condition coverage="34%" number="0" type="jump"/>
</conditions>
</line>
<line branch="true" condition-coverage="34% (9/26)" hits="5" number="42">
<conditions>
<condition coverage="34%" number="0" type="jump"/>
</conditions>
</line>
<line branch="true" condition-coverage="35% (10/28)" hits="5" number="43">
<conditions>
<condition coverage="35%" number="0" type="jump"/>
</conditions>
</line>
<line branch="true" condition-coverage="50% (2/4)" hits="20" number="45">
<conditions>
<condition coverage="50%" number="0" type="jump"/>
</conditions>
</line>
</lines>
</class>
<class branch-rate="0.020618556701030927" complexity="0.0" filename="instrument.cpp" line-rate="0.010638297872340425" name="instrument_cpp">
<methods/>
<lines>
<line branch="true" condition-coverage="0% (0/2)" hits="0" number="4">
<conditions>
<condition coverage="0%" number="0" type="jump"/>
</conditions>
</line>
<line branch="true" condition-coverage="0% (0/2)" hits="0" number="6">
<conditions>
<condition coverage="0%" number="0" type="jump"/>
</conditions>
</line>
<line branch="false" hits="0" number="7"/>
<line branch="false" hits="0" number="8"/>
<line branch="false" hits="0" number="9"/>
<line branch="false" hits="0" number="12"/>
<line branch="false" hits="0" number="14"/>
<line branch="false" hits="0" number="17"/>
<line branch="false" hits="0" number="19"/>
<line branch="false" hits="0" number="23"/>
<line branch="false" hits="0" number="25"/>
<line branch="false" hits="0" number="26"/>
<line branch="false" hits="0" number="27"/>
<line branch="false" hits="0" number="28"/>
<line branch="true" condition-coverage="0% (0/8)" hits="0" number="30">
<conditions>
<condition coverage="0%" number="0" type="jump"/>
</conditions>
</line>
<line branch="true" condition-coverage="0% (0/2)" hits="0" number="31">
<conditions>
<condition coverage="0%" number="0" type="jump"/>
</conditions>
</line>
<line branch="true" condition-coverage="0% (0/4)" hits="0" number="34">
<conditions>
<condition coverage="0%" number="0" type="jump"/>
</conditions>
</line>
<line branch="true" condition-coverage="0% (0/2)" hits="0" number="36">
<conditions>
<condition coverage="0%" number="0" type="jump"/>
</conditions>
</line>
<line branch="false" hits="0" number="37"/>
<line branch="false" hits="0" number="38"/>
<line branch="true" condition-coverage="0% (0/4)" hits="0" number="41">
<conditions>
<condition coverage="0%" number="0" type="jump"/>
</conditions>
</line>
<line branch="true" condition-coverage="0% (0/2)" hits="0" number="43">
<conditions>
<condition coverage="0%" number="0" type="jump"/>
</conditions>
</line>
<line branch="true" condition-coverage="0% (0/4)" hits="0" number="45">
<conditions>
<condition coverage="0%" number="0" type="jump"/>
</conditions>
</line>
<line branch="true" condition-coverage="0% (0/2)" hits="0" number="46">
<conditions>
<condition coverage="0%" number="0" type="jump"/>
</conditions>
</line>
<line branch="false" hits="0" number="47"/>
<line branch="false" hits="0" number="48"/>
<line branch="true" condition-coverage="0% (0/4)" hits="0" number="49">
<conditions>
<condition coverage="0%" number="0" type="jump"/>
</conditions>
</line>
<line branch="true" condition-coverage="0% (0/4)" hits="0" number="52">
<conditions>
<condition coverage="0%" number="0" type="jump"/>
</conditions>
</line>
<line branch="false" hits="0" number="54"/>
<line branch="true" condition-coverage="0% (0/2)" hits="0" number="55">
<conditions>
<condition coverage="0%" number="0" type="jump"/>
</conditions>
</line>
<line branch="true" condition-coverage="0% (0/4)" hits="0" number="57">
<conditions>
<condition coverage="0%" number="0" type="jump"/>
</conditions>
</line>
<line branch="true" condition-coverage="0% (0/2)" hits="0" number="58">
<conditions>
<condition coverage="0%" number="0" type="jump"/>
</conditions>
</line>
<line branch="true" condition-coverage="0% (0/2)" hits="0" number="59">
<conditions>
<condition coverage="0%" number="0" type="jump"/>
</conditions>
</line>
<line branch="false" hits="0" number="60"/>
<line branch="true" condition-coverage="0% (0/2)" hits="0" number="61">
<conditions>
<condition coverage="0%" number="0" type="jump"/>
</conditions>
</line>
<line branch="true" condition-coverage="0% (0/4)" hits="0" number="63">
<conditions>
<condition coverage="0%" number="0" type="jump"/>
</conditions>
</line>
<line branch="false" hits="0" number="64"/>
<line branch="false" hits="0" number="66"/>
<line branch="false" hits="0" number="67"/>
<line branch="true" condition-coverage="0% (0/2)" hits="0" number="68">
<conditions>
<condition coverage="0%" number="0" type="jump"/>
</conditions>
</line>
<line branch="true" condition-coverage="0% (0/2)" hits="0" number="71">
<conditions>
<condition coverage="0%" number="0" type="jump"/>
</conditions>
</line>
<line branch="true" condition-coverage="0% (0/2)" hits="0" number="75">
<conditions>
<condition coverage="0%" number="0" type="jump"/>
</conditions>
</line>
<line branch="false" hits="0" number="76"/>
<line branch="false" hits="0" number="77"/>
<line branch="true" condition-coverage="0% (0/2)" hits="0" number="81">
<conditions>
<condition coverage="0%" number="0" type="jump"/>
</conditions>
</line>
<line branch="false" hits="0" number="82"/>
<line branch="false" hits="0" number="84"/>
<line branch="false" hits="0" number="85"/>
<line branch="false" hits="0" number="90"/>
<line branch="false" hits="0" number="92"/>
<line branch="true" condition-coverage="0% (0/4)" hits="0" number="93">
<conditions>
<condition coverage="0%" number="0" type="jump"/>
</conditions>
</line>
<line branch="false" hits="0" number="94"/>
<line branch="true" condition-coverage="0% (0/4)" hits="0" number="96">
<conditions>
<condition coverage="0%" number="0" type="jump"/>
</conditions>
</line>
<line branch="false" hits="0" number="97"/>
<line branch="true" condition-coverage="0% (0/4)" hits="0" number="99">
<conditions>
<condition coverage="0%" number="0" type="jump"/>
</conditions>
</line>
<line branch="false" hits="0" number="100"/>
<line branch="true" condition-coverage="0% (0/4)" hits="0" number="102">
<conditions>
<condition coverage="0%" number="0" type="jump"/>
</conditions>
</line>
<line branch="false" hits="0" number="103"/>
<line branch="false" hits="0" number="106"/>
<line branch="false" hits="0" number="108"/>
<line branch="false" hits="0" number="111"/>
<line branch="false" hits="0" number="113"/>
<line branch="false" hits="0" number="114"/>
<line branch="true" condition-coverage="0% (0/13)" hits="0" number="115">
<conditions>
<condition coverage="0%" number="0" type="jump"/>
</conditions>
</line>
<line branch="false" hits="0" number="117"/>
<line branch="false" hits="0" number="118"/>
<line branch="false" hits="0" number="120"/>
<line branch="false" hits="0" number="121"/>
<line branch="false" hits="0" number="123"/>
<line branch="false" hits="0" number="124"/>
<line branch="false" hits="0" number="126"/>
<line branch="false" hits="0" number="127"/>
<line branch="false" hits="0" number="129"/>
<line branch="false" hits="0" number="130"/>
<line branch="false" hits="0" number="132"/>
<line branch="false" hits="0" number="133"/>
<line branch="false" hits="0" number="135"/>
<line branch="false" hits="0" number="136"/>
<line branch="false" hits="0" number="138"/>
<line branch="false" hits="0" number="139"/>
<line branch="false" hits="0" number="141"/>
<line branch="false" hits="0" number="142"/>
<line branch="false" hits="0" number="144"/>
<line branch="false" hits="0" number="145"/>
<line branch="false" hits="0" number="147"/>
<line branch="false" hits="0" number="148"/>
<line branch="false" hits="0" number="150"/>
<line branch="false" hits="0" number="151"/>
<line branch="false" hits="0" number="153"/>
<line branch="false" hits="0" number="154"/>
<line branch="false" hits="0" number="156"/>
<line branch="false" hits="0" number="158"/>
<line branch="false" hits="0" number="159"/>
<line branch="true" condition-coverage="50% (2/4)" hits="3" number="160">
<conditions>
<condition coverage="50%" number="0" type="jump"/>
</conditions>
</line>
</lines>
</class>
<class branch-rate="0.38235294117647056" complexity="0.0" filename="instrument_test.cpp" line-rate="1.0" name="instrument_test_cpp">
<methods/>
<lines>
<line branch="true" condition-coverage="50% (2/4)" hits="2" number="8">
<conditions>
<condition coverage="50%" number="0" type="jump"/>
</conditions>
</line>
<line branch="true" condition-coverage="34% (9/26)" hits="1" number="9">
<conditions>
<condition coverage="34%" number="0" type="jump"/>
</conditions>
</line>
<line branch="true" condition-coverage="50% (2/4)" hits="4" number="10">
<conditions>
<condition coverage="50%" number="0" type="jump"/>
</conditions>
</line>
</lines>
</class>
<class branch-rate="0.5769230769230769" complexity="0.0" filename="midi.cpp" line-rate="0.984" name="midi_cpp">
<methods/>
<lines>
<line branch="false" hits="15" number="11"/>
<line branch="false" hits="15" number="13"/>
<line branch="false" hits="15" number="15"/>
<line branch="false" hits="15" number="17"/>
<line branch="true" condition-coverage="100% (2/2)" hits="15" number="19">
<conditions>
<condition coverage="100%" number="0" type="jump"/>
</conditions>
</line>
<line branch="true" condition-coverage="100% (2/2)" hits="45" number="20">
<conditions>
<condition coverage="100%" number="0" type="jump"/>
</conditions>
</line>
<line branch="false" hits="35" number="21"/>
<line branch="true" condition-coverage="50% (1/2)" hits="35" number="22">
<conditions>
<condition coverage="50%" number="0" type="jump"/>
</conditions>
</line>
<line branch="false" hits="15" number="28"/>
<line branch="false" hits="15" number="31"/>
<line branch="false" hits="15" number="32"/>
<line branch="false" hits="15" number="35"/>
<line branch="true" condition-coverage="100% (2/2)" hits="15" number="37">
<conditions>
<condition coverage="100%" number="0" type="jump"/>
</conditions>
</line>
<line branch="true" condition-coverage="50% (1/2)" hits="10" number="40">
<conditions>
<condition coverage="50%" number="0" type="jump"/>
</conditions>
</line>
<line branch="true" condition-coverage="50% (3/6)" hits="10" number="41">
<conditions>
<condition coverage="50%" number="0" type="jump"/>
</conditions>
</line>
<line branch="true" condition-coverage="50% (4/8)" hits="30" number="42">
<conditions>
<condition coverage="50%" number="0" type="jump"/>
</conditions>
</line>
<line branch="true" condition-coverage="50% (1/2)" hits="30" number="43">
<conditions>
<condition coverage="50%" number="0" type="jump"/>
</conditions>
</line>
<line branch="true" condition-coverage="50% (1/2)" hits="10" number="44">
<conditions>
<condition coverage="50%" number="0" type="jump"/>
</conditions>
</line>
<line branch="true" condition-coverage="50% (1/2)" hits="10" number="45">
<conditions>
<condition coverage="50%" number="0" type="jump"/>
</conditions>
</line>
<line branch="true" condition-coverage="50% (1/2)" hits="10" number="46">
<conditions>
<condition coverage="50%" number="0" type="jump"/>
</conditions>
</line>
<line branch="true" condition-coverage="50% (1/2)" hits="10" number="47">
<conditions>
<condition coverage="50%" number="0" type="jump"/>
</conditions>
</line>
<line branch="true" condition-coverage="50% (2/4)" hits="10" number="50">
<conditions>
<condition coverage="50%" number="0" type="jump"/>
</conditions>
</line>
<line branch="false" hits="10" number="53"/>
<line branch="true" condition-coverage="50% (3/6)" hits="10" number="54">
<conditions>
<condition coverage="50%" number="0" type="jump"/>
</conditions>
</line>
<line branch="false" hits="5" number="57"/>
<line branch="false" hits="15" number="60"/>
<line branch="false" hits="35" number="62"/>
<line branch="true" condition-coverage="50% (1/2)" hits="35" number="65">
<conditions>
<condition coverage="50%" number="0" type="jump"/>
</conditions>
</line>
<line branch="false" hits="35" number="66"/>
<line branch="false" hits="35" number="68"/>
<line branch="true" condition-coverage="50% (1/2)" hits="35" number="71">
<conditions>
<condition coverage="50%" number="0" type="jump"/>
</conditions>
</line>
<line branch="true" condition-coverage="50% (3/6)" hits="35" number="72">
<conditions>
<condition coverage="50%" number="0" type="jump"/>
</conditions>
</line>
<line branch="true" condition-coverage="50% (4/8)" hits="105" number="73">
<conditions>
<condition coverage="50%" number="0" type="jump"/>
</conditions>
</line>
<line branch="true" condition-coverage="50% (1/2)" hits="105" number="74">
<conditions>
<condition coverage="50%" number="0" type="jump"/>
</conditions>
</line>
<line branch="true" condition-coverage="50% (1/2)" hits="35" number="78">
<conditions>
<condition coverage="50%" number="0" type="jump"/>
</conditions>
</line>
<line branch="true" condition-coverage="50% (1/2)" hits="35" number="81">
<conditions>
<condition coverage="50%" number="0" type="jump"/>
</conditions>
</line>
<line branch="false" hits="35" number="85"/>
<line branch="false" hits="35" number="88"/>
<line branch="true" condition-coverage="100% (2/2)" hits="11350" number="90">
<conditions>
<condition coverage="100%" number="0" type="jump"/>
</conditions>
</line>
<line branch="true" condition-coverage="50% (1/2)" hits="11350" number="92">
<conditions>
<condition coverage="50%" number="0" type="jump"/>
</conditions>
</line>
<line branch="true" condition-coverage="50% (1/2)" hits="11350" number="94">
<conditions>
<condition coverage="50%" number="0" type="jump"/>
</conditions>
</line>
<line branch="false" hits="11350" number="99"/>
<line branch="true" condition-coverage="100% (2/2)" hits="11350" number="101">
<conditions>
<condition coverage="100%" number="0" type="jump"/>
</conditions>
</line>
<line branch="true" condition-coverage="50% (1/2)" hits="85" number="102">
<conditions>
<condition coverage="50%" number="0" type="jump"/>
</conditions>
</line>
<line branch="true" condition-coverage="100% (2/2)" hits="85" number="105">
<conditions>
<condition coverage="100%" number="0" type="jump"/>
</conditions>
</line>
<line branch="false" hits="35" number="106"/>
<line branch="true" condition-coverage="50% (1/2)" hits="35" number="107">
<conditions>
<condition coverage="50%" number="0" type="jump"/>
</conditions>
</line>
<line branch="true" condition-coverage="50% (1/2)" hits="85" number="110">
<conditions>
<condition coverage="50%" number="0" type="jump"/>
</conditions>
</line>
<line branch="true" condition-coverage="100% (2/2)" hits="85" number="112">
<conditions>
<condition coverage="100%" number="0" type="jump"/>
</conditions>
</line>
<line branch="true" condition-coverage="50% (1/2)" hits="10" number="113">
<conditions>
<condition coverage="50%" number="0" type="jump"/>
</conditions>
</line>
<line branch="true" condition-coverage="50% (1/2)" hits="10" number="114">
<conditions>
<condition coverage="50%" number="0" type="jump"/>
</conditions>
</line>
<line branch="true" condition-coverage="100% (2/2)" hits="75" number="116">
<conditions>
<condition coverage="100%" number="0" type="jump"/>
</conditions>
</line>
<line branch="true" condition-coverage="50% (1/2)" hits="10" number="117">
<conditions>
<condition coverage="50%" number="0" type="jump"/>
</conditions>
</line>
<line branch="true" condition-coverage="50% (1/2)" hits="65" number="123">
<conditions>
<condition coverage="50%" number="0" type="jump"/>
</conditions>
</line>
<line branch="true" condition-coverage="50% (1/2)" hits="11265" number="126">
<conditions>
<condition coverage="50%" number="0" type="jump"/>
</conditions>
</line>
<line branch="false" hits="0" number="127"/>
<line branch="false" hits="0" number="128"/>
<line branch="true" condition-coverage="100% (2/2)" hits="11265" number="130">
<conditions>
<condition coverage="100%" number="0" type="jump"/>
</conditions>
</line>
<line branch="false" hits="4915" number="132"/>
<line branch="true" condition-coverage="50% (1/2)" hits="4915" number="134">
<conditions>
<condition coverage="50%" number="0" type="jump"/>
</conditions>
</line>
<line branch="true" condition-coverage="100% (4/4)" hits="4915" number="136">
<conditions>
<condition coverage="100%" number="0" type="jump"/>
</conditions>
</line>
<line branch="true" condition-coverage="50% (1/2)" hits="4810" number="137">
<conditions>
<condition coverage="50%" number="0" type="jump"/>
</conditions>
</line>
<line branch="true" condition-coverage="50% (1/2)" hits="4810" number="138">
<conditions>
<condition coverage="50%" number="0" type="jump"/>
</conditions>
</line>
<line branch="false" hits="6350" number="143"/>
<line branch="true" condition-coverage="75% (3/4)" hits="6350" number="145">
<conditions>
<condition coverage="75%" number="0" type="jump"/>
</conditions>
</line>
<line branch="true" condition-coverage="50% (1/2)" hits="6310" number="146">
<conditions>
<condition coverage="50%" number="0" type="jump"/>
</conditions>
</line>
<line branch="true" condition-coverage="50% (1/2)" hits="6310" number="147">
<conditions>
<condition coverage="50%" number="0" type="jump"/>
</conditions>
</line>
<line branch="true" condition-coverage="66% (4/6)" hits="11350" number="152">
<conditions>
<condition coverage="66%" number="0" type="jump"/>
</conditions>
</line>
<line branch="true" condition-coverage="50% (1/2)" hits="35" number="155">
<conditions>
<condition coverage="50%" number="0" type="jump"/>
</conditions>
</line>
<line branch="true" condition-coverage="50% (2/4)" hits="35" number="156">
<conditions>
<condition coverage="50%" number="0" type="jump"/>
</conditions>
</line>
<line branch="false" hits="35" number="158"/>
<line branch="false" hits="11435" number="162"/>
<line branch="true" condition-coverage="50% (1/2)" hits="11435" number="164">
<conditions>
<condition coverage="50%" number="0" type="jump"/>
</conditions>
</line>
<line branch="true" condition-coverage="50% (1/2)" hits="11435" number="169">
<conditions>
<condition coverage="50%" number="0" type="jump"/>
</conditions>
</line>
<line branch="true" condition-coverage="50% (3/6)" hits="11435" number="170">
<conditions>
<condition coverage="50%" number="0" type="jump"/>
</conditions>
</line>
<line branch="false" hits="11435" number="172"/>
<line branch="true" condition-coverage="100% (2/2)" hits="11435" number="174">
<conditions>
<condition coverage="100%" number="0" type="jump"/>
</conditions>
</line>
<line branch="false" hits="3215" number="175"/>
<line branch="true" condition-coverage="100% (2/2)" hits="3245" number="176">
<conditions>
<condition coverage="100%" number="0" type="jump"/>
</conditions>
</line>
<line branch="true" condition-coverage="50% (1/2)" hits="3245" number="177">
<conditions>
<condition coverage="50%" number="0" type="jump"/>
</conditions>
</line>
<line branch="false" hits="3245" number="178"/>
<line branch="true" condition-coverage="50% (1/2)" hits="11435" number="183">
<conditions>
<condition coverage="50%" number="0" type="jump"/>
</conditions>
</line>
<line branch="true" condition-coverage="50% (2/4)" hits="34305" number="184">
<conditions>
<condition coverage="50%" number="0" type="jump"/>
</conditions>
</line>
<line branch="true" condition-coverage="50% (1/2)" hits="34305" number="185">
<conditions>
<condition coverage="50%" number="0" type="jump"/>
</conditions>
</line>
<line branch="false" hits="11435" number="187"/>
<line branch="false" hits="45" number="191"/>
<line branch="true" condition-coverage="50% (1/2)" hits="45" number="193">
<conditions>
<condition coverage="50%" number="0" type="jump"/>
</conditions>
</line>
<line branch="true" condition-coverage="50% (3/6)" hits="45" number="194">
<conditions>
<condition coverage="50%" number="0" type="jump"/>
</conditions>
</line>
<line branch="false" hits="45" number="195"/>
<line branch="false" hits="45" number="196"/>
<line branch="false" hits="45" number="197"/>
<line branch="false" hits="45" number="198"/>
<line branch="false" hits="45" number="199"/>
<line branch="false" hits="45" number="200"/>
<line branch="false" hits="30" number="203"/>
<line branch="true" condition-coverage="50% (1/2)" hits="30" number="205">
<conditions>
<condition coverage="50%" number="0" type="jump"/>
</conditions>
</line>
<line branch="true" condition-coverage="50% (3/6)" hits="30" number="206">
<conditions>
<condition coverage="50%" number="0" type="jump"/>
</conditions>
</line>
<line branch="false" hits="30" number="207"/>
<line branch="false" hits="30" number="208"/>
<line branch="false" hits="30" number="209"/>
<line branch="false" hits="30" number="210"/>
<line branch="false" hits="27470" number="213"/>
<line branch="true" condition-coverage="50% (1/2)" hits="27470" number="215">
<conditions>
<condition coverage="50%" number="0" type="jump"/>
</conditions>
</line>
<line branch="true" condition-coverage="50% (3/6)" hits="27470" number="216">
<conditions>
<condition coverage="50%" number="0" type="jump"/>
</conditions>
</line>
<line branch="false" hits="27470" number="217"/>
<line branch="false" hits="10" number="222"/>
<line branch="true" condition-coverage="50% (1/2)" hits="10" number="224">
<conditions>
<condition coverage="50%" number="0" type="jump"/>
</conditions>
</line>
<line branch="true" condition-coverage="50% (3/6)" hits="10" number="225">
<conditions>
<condition coverage="50%" number="0" type="jump"/>
</conditions>
</line>
<line branch="false" hits="10" number="226"/>
<line branch="false" hits="10" number="227"/>
<line branch="false" hits="10" number="228"/>
<line branch="false" hits="10" number="229"/>
<line branch="false" hits="10" number="231"/>
<line branch="false" hits="10" number="235"/>
<line branch="true" condition-coverage="50% (1/2)" hits="10" number="237">
<conditions>
<condition coverage="50%" number="0" type="jump"/>
</conditions>
</line>
<line branch="true" condition-coverage="50% (3/6)" hits="10" number="238">
<conditions>
<condition coverage="50%" number="0" type="jump"/>
</conditions>
</line>
<line branch="false" hits="10" number="239"/>
<line branch="false" hits="15" number="242"/>
<line branch="true" condition-coverage="50% (1/2)" hits="30" number="244">
<conditions>
<condition coverage="50%" number="0" type="jump"/>
</conditions>
</line>
<line branch="false" hits="30" number="246"/>
<line branch="true" condition-coverage="75% (3/4)" hits="15" number="248">
<conditions>
<condition coverage="75%" number="0" type="jump"/>
</conditions>
</line>
<line branch="true" condition-coverage="50% (1/2)" hits="10" number="249">
<conditions>
<condition coverage="50%" number="0" type="jump"/>
</conditions>
</line>
<line branch="true" condition-coverage="50% (1/2)" hits="5" number="252">
<conditions>
<condition coverage="50%" number="0" type="jump"/>
</conditions>
</line>
<line branch="false" hits="30" number="255"/>
<line branch="true" condition-coverage="50% (2/4)" hits="15" number="256">
<conditions>
<condition coverage="50%" number="0" type="jump"/>
</conditions>
</line>
</lines>
</class>
<class branch-rate="0.0" complexity="0.0" filename="midi.hpp" line-rate="1.0" name="midi_hpp">
<methods/>
<lines>
<line branch="false" hits="15" number="23"/>
</lines>
</class>
<class branch-rate="0.3867924528301887" complexity="0.0" filename="midi_test.cpp" line-rate="1.0" name="midi_test_cpp">
<methods/>
<lines>
<line branch="true" condition-coverage="50% (2/4)" hits="10" number="12">
<conditions>
<condition coverage="50%" number="0" type="jump"/>
</conditions>
</line>
<line branch="true" condition-coverage="50% (1/2)" hits="10" number="14">
<conditions>
<condition coverage="50%" number="0" type="jump"/>
</conditions>
</line>
<line branch="true" condition-coverage="50% (1/2)" hits="10" number="16">
<conditions>
<condition coverage="50%" number="0" type="jump"/>
</conditions>
</line>
<line branch="true" condition-coverage="34% (9/26)" hits="5" number="18">
<conditions>
<condition coverage="34%" number="0" type="jump"/>
</conditions>
</line>
<line branch="false" hits="5" number="19"/>
<line branch="true" condition-coverage="50% (2/4)" hits="10" number="21">
<conditions>
<condition coverage="50%" number="0" type="jump"/>
</conditions>
</line>
<line branch="true" condition-coverage="50% (1/2)" hits="10" number="23">
<conditions>
<condition coverage="50%" number="0" type="jump"/>
</conditions>
</line>
<line branch="true" condition-coverage="50% (1/2)" hits="10" number="25">
<conditions>
<condition coverage="50%" number="0" type="jump"/>
</conditions>
</line>
<line branch="true" condition-coverage="34% (9/26)" hits="5" number="27">
<conditions>
<condition coverage="34%" number="0" type="jump"/>
</conditions>
</line>
<line branch="false" hits="5" number="28"/>
<line branch="true" condition-coverage="50% (2/4)" hits="10" number="30">
<conditions>
<condition coverage="50%" number="0" type="jump"/>
</conditions>
</line>
<line branch="true" condition-coverage="50% (1/2)" hits="10" number="32">
<conditions>
<condition coverage="50%" number="0" type="jump"/>
</conditions>
</line>
<line branch="true" condition-coverage="50% (1/2)" hits="10" number="34">
<conditions>
<condition coverage="50%" number="0" type="jump"/>
</conditions>
</line>
<line branch="true" condition-coverage="34% (9/26)" hits="5" number="36">
<conditions>
<condition coverage="34%" number="0" type="jump"/>
</conditions>
</line>
<line branch="true" condition-coverage="50% (2/4)" hits="20" number="37">
<conditions>
<condition coverage="50%" number="0" type="jump"/>
</conditions>
</line>
</lines>
</class>
<class branch-rate="0.0" complexity="0.0" filename="signal.cpp" line-rate="0.0" name="signal_cpp">
<methods/>
<lines>
<line branch="false" hits="0" number="5"/>
<line branch="false" hits="0" number="7"/>
<line branch="false" hits="0" number="8"/>
<line branch="false" hits="0" number="11"/>
<line branch="true" condition-coverage="0% (0/2)" hits="0" number="13">
<conditions>
<condition coverage="0%" number="0" type="jump"/>
</conditions>
</line>
<line branch="false" hits="0" number="16"/>
<line branch="false" hits="0" number="18"/>
<line branch="false" hits="0" number="21"/>
<line branch="false" hits="0" number="25"/>
<line branch="true" condition-coverage="0% (0/6)" hits="0" number="27">
<conditions>
<condition coverage="0%" number="0" type="jump"/>
</conditions>
</line>
<line branch="true" condition-coverage="0% (0/2)" hits="0" number="28">
<conditions>
<condition coverage="0%" number="0" type="jump"/>
</conditions>
</line>
<line branch="false" hits="0" number="30"/>
<line branch="false" hits="0" number="33"/>
<line branch="true" condition-coverage="0% (0/2)" hits="0" number="35">
<conditions>
<condition coverage="0%" number="0" type="jump"/>
</conditions>
</line>
<line branch="false" hits="0" number="36"/>
<line branch="false" hits="0" number="41"/>
<line branch="false" hits="0" number="43"/>
<line branch="false" hits="0" number="46"/>
<line branch="false" hits="0" number="48"/>
<line branch="false" hits="0" number="51"/>
<line branch="false" hits="0" number="53"/>
<line branch="false" hits="0" number="58"/>
<line branch="true" condition-coverage="0% (0/2)" hits="0" number="60">
<conditions>
<condition coverage="0%" number="0" type="jump"/>
</conditions>
</line>
<line branch="false" hits="0" number="61"/>
<line branch="false" hits="0" number="64"/>
<line branch="true" condition-coverage="0% (0/2)" hits="0" number="66">
<conditions>
<condition coverage="0%" number="0" type="jump"/>
</conditions>
</line>
<line branch="false" hits="0" number="67"/>
</lines>
</class>
<class branch-rate="0.5" complexity="0.0" filename="signal_test.cpp" line-rate="1.0" name="signal_test_cpp">
<methods/>
<lines>
<line branch="true" condition-coverage="50% (2/4)" hits="2" number="7">
<conditions>
<condition coverage="50%" number="0" type="jump"/>
</conditions>
</line>
<line branch="true" condition-coverage="50% (2/4)" hits="4" number="10">
<conditions>
<condition coverage="50%" number="0" type="jump"/>
</conditions>
</line>
</lines>
</class>
<class branch-rate="0.125" complexity="0.0" filename="synthesizer.cpp" line-rate="0.14285714285714285" name="synthesizer_cpp">
<methods/>
<lines>
<line branch="false" hits="0" number="5"/>
<line branch="true" condition-coverage="0% (0/2)" hits="0" number="7">
<conditions>
<condition coverage="0%" number="0" type="jump"/>
</conditions>
</line>
<line branch="true" condition-coverage="0% (0/2)" hits="0" number="8">
<conditions>
<condition coverage="0%" number="0" type="jump"/>
</conditions>
</line>
<line branch="true" condition-coverage="0% (0/4)" hits="0" number="9">
<conditions>
<condition coverage="0%" number="0" type="jump"/>
</conditions>
</line>
<line branch="true" condition-coverage="0% (0/4)" hits="0" number="10">
<conditions>
<condition coverage="0%" number="0" type="jump"/>
</conditions>
</line>
<line branch="false" hits="0" number="12"/>
<line branch="true" condition-coverage="50% (2/4)" hits="15" number="13">
<conditions>
<condition coverage="50%" number="0" type="jump"/>
</conditions>
</line>
</lines>
</class>
<class branch-rate="0.5" complexity="0.0" filename="synthesizer_test.cpp" line-rate="1.0" name="synthesizer_test_cpp">
<methods/>
<lines>
<line branch="true" condition-coverage="50% (2/4)" hits="10" number="8">
<conditions>
<condition coverage="50%" number="0" type="jump"/>
</conditions>
</line>
<line branch="true" condition-coverage="50% (2/4)" hits="20" number="9">
<conditions>
<condition coverage="50%" number="0" type="jump"/>
</conditions>
</line>
</lines>
</class>
<class branch-rate="0.5" complexity="0.0" filename="test_config.hpp" line-rate="1.0" name="test_config_hpp">
<methods/>
<lines>
<line branch="true" condition-coverage="50% (1/2)" hits="5" number="6">
<conditions>
<condition coverage="50%" number="0" type="jump"/>
</conditions>
</line>
</lines>
</class>
<class branch-rate="0.6470588235294118" complexity="0.0" filename="track.cpp" line-rate="0.9523809523809523" name="track_cpp">
<methods/>
<lines>
<line branch="true" condition-coverage="50% (1/2)" hits="45" number="5">
<conditions>
<condition coverage="50%" number="0" type="jump"/>
</conditions>
</line>
<line branch="false" hits="45" number="7"/>
<line branch="false" hits="45" number="8"/>
<line branch="false" hits="45" number="9"/>
<line branch="false" hits="45" number="10"/>
<line branch="false" hits="100" number="12"/>
<line branch="false" hits="50" number="14"/>
<line branch="false" hits="50" number="15"/>
<line branch="false" hits="5" number="17"/>
<line branch="false" hits="5" number="19"/>
<line branch="false" hits="40" number="23"/>
<line branch="true" condition-coverage="50% (1/2)" hits="80" number="26">
<conditions>
<condition coverage="50%" number="0" type="jump"/>
</conditions>
</line>
<line branch="true" condition-coverage="50% (1/2)" hits="40" number="27">
<conditions>
<condition coverage="50%" number="0" type="jump"/>
</conditions>
</line>
<line branch="false" hits="40" number="28"/>
<line branch="false" hits="15" number="30"/>
<line branch="true" condition-coverage="50% (1/2)" hits="30" number="32">
<conditions>
<condition coverage="50%" number="0" type="jump"/>
</conditions>
</line>
<line branch="true" condition-coverage="50% (1/2)" hits="30" number="33">
<conditions>
<condition coverage="50%" number="0" type="jump"/>
</conditions>
</line>
<line branch="true" condition-coverage="50% (1/2)" hits="15" number="34">
<conditions>
<condition coverage="50%" number="0" type="jump"/>
</conditions>
</line>
<line branch="false" hits="15" number="35"/>
<line branch="false" hits="11130" number="43"/>
<line branch="true" condition-coverage="100% (4/4)" hits="11130" number="45">
<conditions>
<condition coverage="100%" number="0" type="jump"/>
</conditions>
</line>
<line branch="false" hits="11080" number="46"/>
<line branch="true" condition-coverage="100% (4/4)" hits="11080" number="47">
<conditions>
<condition coverage="100%" number="0" type="jump"/>
</conditions>
</line>
<line branch="false" hits="5540" number="48"/>
<line branch="true" condition-coverage="50% (1/2)" hits="22160" number="50">
<conditions>
<condition coverage="50%" number="0" type="jump"/>
</conditions>
</line>
<line branch="true" condition-coverage="50% (1/2)" hits="22160" number="51">
<conditions>
<condition coverage="50%" number="0" type="jump"/>
</conditions>
</line>
<line branch="true" condition-coverage="50% (1/2)" hits="11080" number="52">
<conditions>
<condition coverage="50%" number="0" type="jump"/>
</conditions>
</line>
<line branch="false" hits="11135" number="56"/>
<line branch="false" hits="11135" number="58"/>
<line branch="true" condition-coverage="100% (2/2)" hits="11135" number="59">
<conditions>
<condition coverage="100%" number="0" type="jump"/>
</conditions>
</line>
<line branch="true" condition-coverage="50% (1/2)" hits="40" number="60">
<conditions>
<condition coverage="50%" number="0" type="jump"/>
</conditions>
</line>
<line branch="false" hits="11095" number="63"/>
<line branch="false" hits="11095" number="64"/>
<line branch="false" hits="11135" number="85"/>
<line branch="false" hits="5" number="87"/>
<line branch="false" hits="5" number="88"/>
<line branch="false" hits="5" number="89"/>
<line branch="false" hits="5" number="90"/>
<line branch="false" hits="5" number="91"/>
<line branch="false" hits="0" number="94"/>
<line branch="false" hits="0" number="96"/>
<line branch="true" condition-coverage="50% (2/4)" hits="15" number="97">
<conditions>
<condition coverage="50%" number="0" type="jump"/>
</conditions>
</line>
</lines>
</class>
<class branch-rate="0.0" complexity="0.0" filename="track.hpp" line-rate="1.0" name="track_hpp">
<methods/>
<lines>
<line branch="false" hits="5" number="12"/>
<line branch="false" hits="60" number="32"/>
<line branch="false" hits="60" number="34"/>
<line branch="false" hits="60" number="35"/>
<line branch="false" hits="60" number="36"/>
</lines>
</class>
<class branch-rate="0.36666666666666664" complexity="0.0" filename="track_test.cpp" line-rate="1.0" name="track_test_cpp">
<methods/>
<lines>
<line branch="true" condition-coverage="50% (2/4)" hits="10" number="7">
<conditions>
<condition coverage="50%" number="0" type="jump"/>
</conditions>
</line>
<line branch="true" condition-coverage="50% (1/2)" hits="10" number="9">
<conditions>
<condition coverage="50%" number="0" type="jump"/>
</conditions>
</line>
<line branch="true" condition-coverage="35% (10/28)" hits="5" number="10">
<conditions>
<condition coverage="35%" number="0" type="jump"/>
</conditions>
</line>
<line branch="true" condition-coverage="50% (1/2)" hits="5" number="12">
<conditions>
<condition coverage="50%" number="0" type="jump"/>
</conditions>
</line>
<line branch="true" condition-coverage="34% (9/26)" hits="5" number="13">
<conditions>
<condition coverage="34%" number="0" type="jump"/>
</conditions>
</line>
<line branch="true" condition-coverage="50% (1/2)" hits="5" number="15">
<conditions>
<condition coverage="50%" number="0" type="jump"/>
</conditions>
</line>
<line branch="true" condition-coverage="36% (11/30)" hits="5" number="17">
<conditions>
<condition coverage="36%" number="0" type="jump"/>
</conditions>
</line>
<line branch="true" condition-coverage="50% (1/2)" hits="5" number="19">
<conditions>
<condition coverage="50%" number="0" type="jump"/>
</conditions>
</line>
<line branch="true" condition-coverage="36% (11/30)" hits="5" number="20">
<conditions>
<condition coverage="36%" number="0" type="jump"/>
</conditions>
</line>
<line branch="true" condition-coverage="50% (1/2)" hits="5" number="22">
<conditions>
<condition coverage="50%" number="0" type="jump"/>
</conditions>
</line>
<line branch="true" condition-coverage="50% (1/2)" hits="5" number="23">
<conditions>
<condition coverage="50%" number="0" type="jump"/>
</conditions>
</line>
<line branch="false" hits="5" number="24"/>
<line branch="false" hits="5" number="25"/>
<line branch="true" condition-coverage="35% (10/28)" hits="5" number="26">
<conditions>
<condition coverage="35%" number="0" type="jump"/>
</conditions>
</line>
<line branch="true" condition-coverage="34% (9/26)" hits="5" number="27">
<conditions>
<condition coverage="34%" number="0" type="jump"/>
</conditions>
</line>
<line branch="false" hits="5" number="28"/>
<line branch="true" condition-coverage="35% (10/28)" hits="5" number="29">
<conditions>
<condition coverage="35%" number="0" type="jump"/>
</conditions>
</line>
<line branch="true" condition-coverage="34% (9/26)" hits="5" number="30">
<conditions>
<condition coverage="34%" number="0" type="jump"/>
</conditions>
</line>
<line branch="false" hits="5" number="31"/>
<line branch="true" condition-coverage="50% (2/4)" hits="10" number="33">
<conditions>
<condition coverage="50%" number="0" type="jump"/>
</conditions>
</line>
<line branch="false" hits="10" number="34"/>
<line branch="true" condition-coverage="33% (8/24)" hits="5" number="35">
<conditions>
<condition coverage="33%" number="0" type="jump"/>
</conditions>
</line>
<line branch="true" condition-coverage="50% (1/2)" hits="10" number="36">
<conditions>
<condition coverage="50%" number="0" type="jump"/>
</conditions>
</line>
<line branch="true" condition-coverage="50% (1/2)" hits="5" number="37">
<conditions>
<condition coverage="50%" number="0" type="jump"/>
</conditions>
</line>
<line branch="true" condition-coverage="34% (9/26)" hits="5" number="38">
<conditions>
<condition coverage="34%" number="0" type="jump"/>
</conditions>
</line>
<line branch="true" condition-coverage="50% (2/4)" hits="20" number="39">
<conditions>
<condition coverage="50%" number="0" type="jump"/>
</conditions>
</line>
</lines>
</class>
<class branch-rate="0.03571428571428571" complexity="0.0" filename="wav.cpp" line-rate="0.02" name="wav_cpp">
<methods/>
<lines>
<line branch="false" hits="0" number="5"/>
<line branch="true" condition-coverage="0% (0/2)" hits="0" number="9">
<conditions>
<condition coverage="0%" number="0" type="jump"/>
</conditions>
</line>
<line branch="false" hits="0" number="14"/>
<line branch="false" hits="0" number="15"/>
<line branch="false" hits="0" number="16"/>
<line branch="false" hits="0" number="17"/>
<line branch="false" hits="0" number="18"/>
<line branch="false" hits="0" number="19"/>
<line branch="false" hits="0" number="20"/>
<line branch="true" condition-coverage="0% (0/2)" hits="0" number="23">
<conditions>
<condition coverage="0%" number="0" type="jump"/>
</conditions>
</line>
<line branch="true" condition-coverage="0% (0/4)" hits="0" number="24">
<conditions>
<condition coverage="0%" number="0" type="jump"/>
</conditions>
</line>
<line branch="true" condition-coverage="0% (0/8)" hits="0" number="25">
<conditions>
<condition coverage="0%" number="0" type="jump"/>
</conditions>
</line>
<line branch="false" hits="0" number="26"/>
<line branch="true" condition-coverage="0% (0/2)" hits="0" number="29">
<conditions>
<condition coverage="0%" number="0" type="jump"/>
</conditions>
</line>
<line branch="false" hits="0" number="33"/>
<line branch="false" hits="0" number="34"/>
<line branch="false" hits="0" number="35"/>
<line branch="false" hits="0" number="36"/>
<line branch="true" condition-coverage="0% (0/2)" hits="0" number="37">
<conditions>
<condition coverage="0%" number="0" type="jump"/>
</conditions>
</line>
<line branch="false" hits="0" number="39"/>
<line branch="false" hits="0" number="41"/>
<line branch="true" condition-coverage="0% (0/2)" hits="0" number="42">
<conditions>
<condition coverage="0%" number="0" type="jump"/>
</conditions>
</line>
<line branch="false" hits="0" number="44"/>
<line branch="false" hits="0" number="45"/>
<line branch="false" hits="0" number="46"/>
<line branch="false" hits="0" number="47"/>
<line branch="true" condition-coverage="0% (0/2)" hits="0" number="48">
<conditions>
<condition coverage="0%" number="0" type="jump"/>
</conditions>
</line>
<line branch="false" hits="0" number="50"/>
<line branch="false" hits="0" number="51"/>
<line branch="false" hits="0" number="52"/>
<line branch="false" hits="0" number="53"/>
<line branch="true" condition-coverage="0% (0/2)" hits="0" number="54">
<conditions>
<condition coverage="0%" number="0" type="jump"/>
</conditions>
</line>
<line branch="true" condition-coverage="0% (0/2)" hits="0" number="56">
<conditions>
<condition coverage="0%" number="0" type="jump"/>
</conditions>
</line>
<line branch="true" condition-coverage="0% (0/2)" hits="0" number="57">
<conditions>
<condition coverage="0%" number="0" type="jump"/>
</conditions>
</line>
<line branch="true" condition-coverage="0% (0/2)" hits="0" number="58">
<conditions>
<condition coverage="0%" number="0" type="jump"/>
</conditions>
</line>
<line branch="true" condition-coverage="0% (0/2)" hits="0" number="59">
<conditions>
<condition coverage="0%" number="0" type="jump"/>
</conditions>
</line>
<line branch="true" condition-coverage="0% (0/2)" hits="0" number="61">
<conditions>
<condition coverage="0%" number="0" type="jump"/>
</conditions>
</line>
<line branch="true" condition-coverage="0% (0/2)" hits="0" number="63">
<conditions>
<condition coverage="0%" number="0" type="jump"/>
</conditions>
</line>
<line branch="true" condition-coverage="0% (0/2)" hits="0" number="64">
<conditions>
<condition coverage="0%" number="0" type="jump"/>
</conditions>
</line>
<line branch="false" hits="0" number="66"/>
<line branch="false" hits="0" number="67"/>
<line branch="false" hits="0" number="68"/>
<line branch="false" hits="0" number="69"/>
<line branch="true" condition-coverage="0% (0/2)" hits="0" number="70">
<conditions>
<condition coverage="0%" number="0" type="jump"/>
</conditions>
</line>
<line branch="true" condition-coverage="0% (0/2)" hits="0" number="73">
<conditions>
<condition coverage="0%" number="0" type="jump"/>
</conditions>
</line>
<line branch="true" condition-coverage="0% (0/4)" hits="0" number="76">
<conditions>
<condition coverage="0%" number="0" type="jump"/>
</conditions>
</line>
<line branch="true" condition-coverage="0% (0/2)" hits="0" number="77">
<conditions>
<condition coverage="0%" number="0" type="jump"/>
</conditions>
</line>
<line branch="true" condition-coverage="0% (0/2)" hits="0" number="78">
<conditions>
<condition coverage="0%" number="0" type="jump"/>
</conditions>
</line>
<line branch="false" hits="0" number="80"/>
<line branch="true" condition-coverage="50% (2/4)" hits="15" number="81">
<conditions>
<condition coverage="50%" number="0" type="jump"/>
</conditions>
</line>
</lines>
</class>
<class branch-rate="0.5" complexity="0.0" filename="wav_test.cpp" line-rate="1.0" name="wav_test_cpp">
<methods/>
<lines>
<line branch="true" condition-coverage="50% (2/4)" hits="10" number="7">
<conditions>
<condition coverage="50%" number="0" type="jump"/>
</conditions>
</line>
<line branch="true" condition-coverage="50% (2/4)" hits="20" number="8">
<conditions>
<condition coverage="50%" number="0" type="jump"/>
</conditions>
</line>
</lines>
</class>
</classes>
</package>
</packages>
</coverage>

